[debug] [2021-09-24T21:12:20.158Z] ----------------------------------------------------------------------
[debug] [2021-09-24T21:12:20.161Z] Command:       C:\Program Files\nodejs\node.exe C:\Users\Usuario\AppData\Roaming\npm\node_modules\firebase-tools\lib\bin\firebase.js init
[debug] [2021-09-24T21:12:20.162Z] CLI Version:   9.18.0
[debug] [2021-09-24T21:12:20.162Z] Platform:      win32
[debug] [2021-09-24T21:12:20.162Z] Node Version:  v14.17.0
[debug] [2021-09-24T21:12:20.163Z] Time:          Fri Sep 24 2021 18:12:20 GMT-0300 (hora estándar de Argentina)
[debug] [2021-09-24T21:12:20.163Z] ----------------------------------------------------------------------
[debug] 
[debug] [2021-09-24T21:12:20.166Z] >>> [apiv2][query] GET https://firebase-public.firebaseio.com/cli.json [none]
[debug] [2021-09-24T21:12:20.188Z] > command requires scopes: ["email","openid","https://www.googleapis.com/auth/cloudplatformprojects.readonly","https://www.googleapis.com/auth/firebase","https://www.googleapis.com/auth/cloud-platform"]
[debug] [2021-09-24T21:12:20.189Z] > authorizing via signed-in user (facundoramirez089@gmail.com)
[info] 
     ######## #### ########  ######## ########     ###     ######  ########
     ##        ##  ##     ## ##       ##     ##  ##   ##  ##       ##
     ######    ##  ########  ######   ########  #########  ######  ######
     ##        ##  ##    ##  ##       ##     ## ##     ##       ## ##
     ##       #### ##     ## ######## ########  ##     ##  ######  ########

You're about to initialize a Firebase project in this directory:

  C:\Users\Usuario\Desktop\EVANN\evann_react\client

[debug] [2021-09-24T21:12:21.184Z] <<< [apiv2][status] GET https://firebase-public.firebaseio.com/cli.json 200
[debug] [2021-09-24T21:12:21.184Z] <<< [apiv2][body] GET https://firebase-public.firebaseio.com/cli.json {"cloudBuildErrorAfter":1594252800000,"cloudBuildWarnAfter":1590019200000,"defaultNode10After":1594252800000,"minVersion":"3.0.5","node8DeploysDisabledAfter":1613390400000,"node8RuntimeDisabledAfter":1615809600000,"node8WarnAfter":1600128000000}
[info] 
=== Project Setup
[info] 
[info] First, let's associate this project directory with a Firebase project.
[info] You can create multiple project aliases by running firebase use --add, 
[info] but for now we'll just set up a default project.
[info] 
[debug] [2021-09-24T21:12:33.069Z] > refreshing access token with scopes: []
[debug] [2021-09-24T21:12:33.070Z] >>> HTTP REQUEST POST https://www.googleapis.com/oauth2/v3/token  
 <request body omitted>
[debug] [2021-09-24T21:12:33.461Z] <<< HTTP RESPONSE 200 {"cache-control":"no-cache, no-store, max-age=0, must-revalidate","pragma":"no-cache","expires":"Mon, 01 Jan 1990 00:00:00 GMT","date":"Fri, 24 Sep 2021 21:12:34 GMT","content-type":"application/json; charset=utf-8","vary":"X-Origin, Referer, Origin,Accept-Encoding","server":"scaffolding on HTTPServer2","x-xss-protection":"0","x-frame-options":"SAMEORIGIN","x-content-type-options":"nosniff","alt-svc":"h3=\":443\"; ma=2592000,h3-29=\":443\"; ma=2592000,h3-T051=\":443\"; ma=2592000,h3-Q050=\":443\"; ma=2592000,h3-Q046=\":443\"; ma=2592000,h3-Q043=\":443\"; ma=2592000,quic=\":443\"; ma=2592000; v=\"46,43\"","accept-ranges":"none","transfer-encoding":"chunked"}
[debug] [2021-09-24T21:12:33.480Z] >>> [apiv2][query] GET https://firebase.googleapis.com/v1beta1/projects pageSize=100
[debug] [2021-09-24T21:12:35.120Z] <<< [apiv2][status] GET https://firebase.googleapis.com/v1beta1/projects 200
[debug] [2021-09-24T21:12:35.120Z] <<< [apiv2][body] GET https://firebase.googleapis.com/v1beta1/projects [omitted]
[info] i  Using project reactdeploy-f7d54 (Reactdeploy) 
[info] 
=== Hosting Setup
[info] 
[info] Your public directory is the folder (relative to your project directory) that
[info] will contain Hosting assets to be uploaded with firebase deploy. If you
[info] have a build process for your assets, use your build's output directory.
[info] 
[debug] [2021-09-24T21:13:31.583Z] >>> [apiv2][query] GET https://www.gstatic.com/firebasejs/releases.json [none]
[debug] [2021-09-24T21:13:32.136Z] <<< [apiv2][status] GET https://www.gstatic.com/firebasejs/releases.json 200
[debug] [2021-09-24T21:13:32.136Z] <<< [apiv2][body] GET https://www.gstatic.com/firebasejs/releases.json {"current":{"version":"9.0.2","browserURL":"https://www.gstatic.com/firebasejs/9.0.2/firebase.js","packageURL":"https://www.gstatic.com/firebasejs/9.0.2/firebase.tgz"},"live":{"version":"9.0","browserURL":"https://www.gstatic.com/firebasejs/live/9.0/firebase.js","packageURL":"https://www.gstatic.com/firebasejs/live/9.0/firebase.tgz"},"components":{"analytics":"https://www.gstatic.com/firebasejs/9.0.2/firebase-analytics.js","app":"https://www.gstatic.com/firebasejs/9.0.2/firebase-app.js","app-check":"https://www.gstatic.com/firebasejs/9.0.2/firebase-app-check.js","auth":"https://www.gstatic.com/firebasejs/9.0.2/firebase-auth.js","auth/cordova":"https://www.gstatic.com/firebasejs/9.0.2/firebase-auth/cordova.js","auth/react-native":"https://www.gstatic.com/firebasejs/9.0.2/firebase-auth/react-native.js","functions":"https://www.gstatic.com/firebasejs/9.0.2/firebase-functions.js","firestore":"https://www.gstatic.com/firebasejs/9.0.2/firebase-firestore.js","firestore/lite":"https://www.gstatic.com/firebasejs/9.0.2/firebase-firestore/lite.js","storage":"https://www.gstatic.com/firebasejs/9.0.2/firebase-storage.js","performance":"https://www.gstatic.com/firebasejs/9.0.2/firebase-performance.js","remote-config":"https://www.gstatic.com/firebasejs/9.0.2/firebase-remote-config.js","messaging":"https://www.gstatic.com/firebasejs/9.0.2/firebase-messaging.js","messaging/sw":"https://www.gstatic.com/firebasejs/9.0.2/firebase-messaging/sw.js","database":"https://www.gstatic.com/firebasejs/9.0.2/firebase-database.js","firestore.memory":"https://www.gstatic.com/firebasejs/9.0.2/firebase-firestore.memory.js"}}
[info] +  Wrote y/index.html 
[info] 
[info] i  Detected a .git folder at C:\Users\Usuario\Desktop\EVANN\evann_react 
[info] i  Authorizing with GitHub to upload your service account to a GitHub repository's secrets store. 
[info] 
[info] Visit this URL on this device to log in:
[info] https://github.com/login/oauth/authorize?client_id=89cf50f02ac6aaed3484&state=691796897&redirect_uri=http%3A%2F%2Flocalhost%3A9005&scope=read%3Auser%20repo%20public_repo
[info] 
[info] Waiting for authentication...
[debug] [2021-09-24T21:13:33.373Z] >>> HTTP REQUEST POST https://github.com/login/oauth/access_token  
 {"client_id":"89cf50f02ac6aaed3484","client_secret":"3330d14abc895d9a74d5f17cd7a00711fa2c5bf0","code":"8cdb1fb39cedef0926b6","redirect_uri":"http://localhost:9005","state":"691796897"}
[debug] [2021-09-24T21:13:34.077Z] <<< HTTP RESPONSE 200 {"server":"GitHub.com","date":"Fri, 24 Sep 2021 21:13:34 GMT","content-type":"application/json; charset=utf-8","transfer-encoding":"chunked","vary":"X-PJAX, X-PJAX-Container, Accept-Encoding, Accept, X-Requested-With","permissions-policy":"interest-cohort=()","etag":"W/\"d46c8015d5dac2e307f0ce4daaa1d04e\"","cache-control":"max-age=0, private, must-revalidate","strict-transport-security":"max-age=31536000; includeSubdomains; preload","x-frame-options":"deny","x-content-type-options":"nosniff","x-xss-protection":"0","referrer-policy":"origin-when-cross-origin, strict-origin-when-cross-origin","expect-ct":"max-age=2592000, report-uri=\"https://api.github.com/_private/browser/errors\"","content-security-policy":"default-src 'none'; base-uri 'self'; block-all-mixed-content; child-src github.githubassets.com; connect-src 'self' uploads.github.com www.githubstatus.com collector.githubapp.com api.github.com github-cloud.s3.amazonaws.com github-production-repository-file-5c1aeb.s3.amazonaws.com github-production-upload-manifest-file-7fdce7.s3.amazonaws.com github-production-user-asset-6210df.s3.amazonaws.com cdn.optimizely.com logx.optimizely.com/v1/events translator.github.com wss://alive.github.com; font-src github.githubassets.com; form-action 'self' github.com gist.github.com; frame-ancestors 'none'; frame-src render.githubusercontent.com viewscreen.githubusercontent.com; img-src 'self' data: github.githubassets.com identicons.github.com collector.githubapp.com github-cloud.s3.amazonaws.com secured-user-images.githubusercontent.com/ *.githubusercontent.com; manifest-src 'self'; media-src github.com user-images.githubusercontent.com/; script-src github.githubassets.com; style-src 'unsafe-inline' github.githubassets.com; worker-src github.githubassets.com github.com/socket-worker-0af8a29d.js gist.github.com/socket-worker-0af8a29d.js","x-github-request-id":"E186:4768:307D1B:3EE881:614E3F7E"}
[debug] [2021-09-24T21:13:34.085Z] >>> [apiv2][query] GET https://api.github.com/user [none]
[debug] [2021-09-24T21:13:34.796Z] <<< [apiv2][status] GET https://api.github.com/user 200
[debug] [2021-09-24T21:13:34.796Z] <<< [apiv2][body] GET https://api.github.com/user {"login":"facuramirez","id":44482920,"node_id":"MDQ6VXNlcjQ0NDgyOTIw","avatar_url":"https://avatars.githubusercontent.com/u/44482920?v=4","gravatar_id":"","url":"https://api.github.com/users/facuramirez","html_url":"https://github.com/facuramirez","followers_url":"https://api.github.com/users/facuramirez/followers","following_url":"https://api.github.com/users/facuramirez/following{/other_user}","gists_url":"https://api.github.com/users/facuramirez/gists{/gist_id}","starred_url":"https://api.github.com/users/facuramirez/starred{/owner}{/repo}","subscriptions_url":"https://api.github.com/users/facuramirez/subscriptions","organizations_url":"https://api.github.com/users/facuramirez/orgs","repos_url":"https://api.github.com/users/facuramirez/repos","events_url":"https://api.github.com/users/facuramirez/events{/privacy}","received_events_url":"https://api.github.com/users/facuramirez/received_events","type":"User","site_admin":false,"name":"Facundo Ramírez","company":null,"blog":"https://www.linkedin.com/in/facundoramirezok/","location":"Posadas, Misiones - Argentina","email":null,"hireable":null,"bio":null,"twitter_username":null,"public_repos":11,"public_gists":0,"followers":0,"following":0,"created_at":"2018-10-25T22:09:16Z","updated_at":"2021-07-21T15:03:18Z","private_gists":0,"total_private_repos":10,"owned_private_repos":3,"disk_usage":58324,"collaborators":0,"two_factor_authentication":false,"plan":{"name":"free","space":976562499,"collaborators":0,"private_repos":10000}}
[info] 
[info] +  Success! Logged into GitHub as facuramirez 
[info] 
